<?xml version="1.0" encoding="UTF-8"?>
<testsuite xmlns:xsi="http://www.w3.org/2001/XMLSchema-instance" xsi:noNamespaceSchemaLocation="https://maven.apache.org/surefire/maven-surefire-plugin/xsd/surefire-test-report.xsd" version="3.0.2" name="com.mas.spring_generator.SpringGeneratorApplicationTests" time="3.571" tests="1" errors="0" skipped="0" failures="0" flakes="0">
  <properties>
[...]
</properties>
  <testcase name="contextLoads" classname="com.mas.spring_generator.SpringGeneratorApplicationTests" time="0.881">
    <system-out><![CDATA[22:49:06.202 [main] INFO org.springframework.test.context.support.AnnotationConfigContextLoaderUtils -- Could not detect default configuration classes for test class [com.mas.spring_generator.SpringGeneratorApplicationTests]: SpringGeneratorApplicationTests does not declare any static, non-private, non-final, nested classes annotated with @Configuration.
22:49:06.382 [main] INFO org.springframework.boot.test.context.SpringBootTestContextBootstrapper -- Found @SpringBootConfiguration com.mas.spring_generator.SpringGeneratorApplication for test class com.mas.spring_generator.SpringGeneratorApplicationTests
22:49:06.497 [main] INFO org.springframework.test.context.support.AnnotationConfigContextLoaderUtils -- Could not detect default configuration classes for test class [com.mas.spring_generator.SpringGeneratorApplicationTests]: SpringGeneratorApplicationTests does not declare any static, non-private, non-final, nested classes annotated with @Configuration.
22:49:06.499 [main] INFO org.springframework.boot.test.context.SpringBootTestContextBootstrapper -- Found @SpringBootConfiguration com.mas.spring_generator.SpringGeneratorApplication for test class com.mas.spring_generator.SpringGeneratorApplicationTests

  .   ____          _            __ _ _
 /\\ / ___'_ __ _ _(_)_ __  __ _ \ \ \ \
( ( )\___ | '_ | '_| | '_ \/ _` | \ \ \ \
 \\/  ___)| |_)| | | | | || (_| |  ) ) ) )
  '  |____| .__|_| |_|_| |_\__, | / / / /
 =========|_|==============|___/=/_/_/_/

 :: Spring Boot ::                (v4.1.0)

2026-06-19T22:49:07.019+03:00  INFO 8376 --- [spring-generator] [           main] c.m.s.SpringGeneratorApplicationTests    : Starting SpringGeneratorApplicationTests using Java 21.0.1 with PID 8376 (started by Leader in C:\Users\Leader\Desktop\WORK\spring-generator)
2026-06-19T22:49:07.021+03:00  INFO 8376 --- [spring-generator] [           main] c.m.s.SpringGeneratorApplicationTests    : No active profile set, falling back to 1 default profile: "default"
2026-06-19T22:49:08.547+03:00  INFO 8376 --- [spring-generator] [           main] c.m.s.SpringGeneratorApplicationTests    : Started SpringGeneratorApplicationTests in 1.955 seconds (process running for 4.318)
]]></system-out>
    <system-err><![CDATA[Mockito is currently self-attaching to enable the inline-mock-maker. This will no longer work in future releases of the JDK. Please add Mockito as an agent to your build as described in Mockito's documentation: https://javadoc.io/doc/org.mockito/mockito-core/latest/org.mockito/org/mockito/Mockito.html#0.3
WARNING: A Java agent has been loaded dynamically (C:\Users\Leader\.m2\repository\net\bytebuddy\byte-buddy-agent\1.18.10\byte-buddy-agent-1.18.10.jar)
WARNING: If a serviceability tool is in use, please run with -XX:+EnableDynamicAgentLoading to hide this warning
WARNING: If a serviceability tool is not in use, please run with -Djdk.instrument.traceUsage for more information
WARNING: Dynamic loading of agents will be disallowed by default in a future release
]]></system-err>
  </testcase>
</testsuite>